[15:24:30] [main/INFO]: Loading Minecraft 1.21 with Fabric Loader 0.16.9
[15:24:30] [ForkJoinPool-1-worker-2/WARN]: Mod oceansdelight uses the version fdrf-fabric-1.0.2-1.21 which isn't compatible with Loader's extended semantic version format (Could not parse version number component 'fdrf'!), SemVer is recommended for reliably evaluating dependencies and prioritizing newer version
[15:24:30] [ForkJoinPool-1-worker-1/WARN]: The mod "dungeons_arise" contains invalid entries in its mod json:
- Unsupported root entry "credits" at line 12 column 11
[15:24:30] [ForkJoinPool-1-worker-1/WARN]: Mod tectonic uses the version 2.4.1a which isn't compatible with Loader's extended semantic version format (Could not parse version number component '1a'!), SemVer is recommended for reliably evaluating dependencies and prioritizing newer version
[15:24:31] [main/INFO]: Loading 219 mods:
	- architectury 13.0.6
	- armored-elytra 1.0.1
	- artifacts 12.0.6
	   |-- com_electronwill_night-config_core 3.8.0
	   |-- com_electronwill_night-config_toml 3.8.0
	   \-- expandability 12.0.0
	- balm-fabric 21.0.20
	   \-- kuma_api 21.0.5-SNAPSHOT
	- bosses_of_mass_destruction 1.10.2-1.21.1
	   \-- multipart_entities 1.7-1.21
	- cardinal-components 6.1.2
	   |-- cardinal-components-base 6.1.2
	   |-- cardinal-components-block 6.1.2
	   |-- cardinal-components-chunk 6.1.2
	   |-- cardinal-components-entity 6.1.2
	   |-- cardinal-components-item 6.1.2
	   |-- cardinal-components-level 6.1.2
	   |-- cardinal-components-scoreboard 6.1.2
	   \-- cardinal-components-world 6.1.2
	- carryon 2.2.1
	- chunky 1.4.16
	- cloth-config 15.0.140
	   \-- cloth-basic-math 0.6.1
	- cookingforblockheads 21.1.3
	- craftsman_bows 1.0.1
	- cratedelight 24.11.22-1.21-fabric
	- creeperoverhaul 4.0.5
	   \-- com_teamresourceful_resourceful-cosmetics-4j 1.0.3
	- cropsloverain 2.1.1
	- ctov 3.5.4
	- deeperdarker 1.3.1
	   \-- customportalapi 0.0.1-beta66-1.21
	- duckling 5.0.1
	- dungeons_arise 2.1.60
	- easymagic 21.0.4
	- elytratrims 3.5.4
	   |-- conditional-mixin 0.6.2
	   \-- mixinsquared 0.1.2-beta.4
	- entityculling 1.7.1
	- explorerscompass 1.21-2.2.5-fabric
	- fabric-api 0.102.0+1.21
	   |-- fabric-api-base 0.4.42+6573ed8cd1
	   |-- fabric-api-lookup-api-v1 1.6.68+b5597344d1
	   |-- fabric-biome-api-v1 13.0.29+5bd9f1bcd1
	   |-- fabric-block-api-v1 1.0.22+0af3f5a7d1
	   |-- fabric-block-view-api-v2 1.0.10+6573ed8cd1
	   |-- fabric-blockrenderlayer-v1 1.1.52+0af3f5a7d1
	   |-- fabric-client-tags-api-v1 1.1.15+6573ed8cd1
	   |-- fabric-command-api-v1 1.2.49+f71b366fd1
	   |-- fabric-command-api-v2 2.2.28+6ced4dd9d1
	   |-- fabric-commands-v0 0.2.66+df3654b3d1
	   |-- fabric-content-registries-v0 8.0.16+b5597344d1
	   |-- fabric-convention-tags-v1 2.0.19+7f945d5bd1
	   |-- fabric-convention-tags-v2 2.5.0+c5e2b5c6d1
	   |-- fabric-crash-report-info-v1 0.2.29+0af3f5a7d1
	   |-- fabric-data-attachment-api-v1 1.1.27+6a6dfa19d1
	   |-- fabric-data-generation-api-v1 20.2.16+16c4ae25d1
	   |-- fabric-dimensions-v1 4.0.0+6fc22b99d1
	   |-- fabric-entity-events-v1 1.6.12+6fc22b99d1
	   |-- fabric-events-interaction-v0 0.7.12+ba9dae06d1
	   |-- fabric-game-rule-api-v1 1.0.53+6ced4dd9d1
	   |-- fabric-item-api-v1 11.0.0+afdfc921d1
	   |-- fabric-item-group-api-v1 4.1.4+78017270d1
	   |-- fabric-key-binding-api-v1 1.0.47+0af3f5a7d1
	   |-- fabric-keybindings-v0 0.2.45+df3654b3d1
	   |-- fabric-lifecycle-events-v1 2.3.12+6c1df360d1
	   |-- fabric-loot-api-v2 3.0.14+3f89f5a5d1
	   |-- fabric-loot-api-v3 1.0.2+3f89f5a5d1
	   |-- fabric-message-api-v1 6.0.13+6573ed8cd1
	   |-- fabric-model-loading-api-v1 2.0.0+fe474d6bd1
	   |-- fabric-networking-api-v1 4.2.2+60c3209bd1
	   |-- fabric-object-builder-api-v1 15.2.0+a551f7a4d1
	   |-- fabric-particles-v1 4.0.2+6573ed8cd1
	   |-- fabric-recipe-api-v1 5.0.12+65089712d1
	   |-- fabric-registry-sync-v0 5.1.2+60c3209bd1
	   |-- fabric-renderer-api-v1 3.4.0+c705a49cd1
	   |-- fabric-renderer-indigo 1.7.0+c705a49cd1
	   |-- fabric-renderer-registries-v1 3.2.68+df3654b3d1
	   |-- fabric-rendering-data-attachment-v1 0.3.48+73761d2ed1
	   |-- fabric-rendering-fluids-v1 3.1.6+b5597344d1
	   |-- fabric-rendering-v0 1.1.71+df3654b3d1
	   |-- fabric-rendering-v1 5.0.5+df16efd0d1
	   |-- fabric-resource-conditions-api-v1 4.3.0+8dc279b1d1
	   |-- fabric-resource-loader-v0 1.3.0+56599129d1
	   |-- fabric-screen-api-v1 2.0.24+b5597344d1
	   |-- fabric-screen-handler-api-v1 1.3.86+b5597344d1
	   |-- fabric-sound-api-v1 1.0.23+6573ed8cd1
	   |-- fabric-transfer-api-v1 5.1.16+3dccd343d1
	   \-- fabric-transitive-access-wideners-v1 6.1.0+176f9036d1
	- fabric-language-kotlin 1.13.0+kotlin.2.1.0
	   |-- org_jetbrains_kotlin_kotlin-reflect 2.1.0
	   |-- org_jetbrains_kotlin_kotlin-stdlib 2.1.0
	   |-- org_jetbrains_kotlin_kotlin-stdlib-jdk7 2.1.0
	   |-- org_jetbrains_kotlin_kotlin-stdlib-jdk8 2.1.0
	   |-- org_jetbrains_kotlinx_atomicfu-jvm 0.26.1
	   |-- org_jetbrains_kotlinx_kotlinx-coroutines-core-jvm 1.9.0
	   |-- org_jetbrains_kotlinx_kotlinx-coroutines-jdk8 1.9.0
	   |-- org_jetbrains_kotlinx_kotlinx-datetime-jvm 0.6.1
	   |-- org_jetbrains_kotlinx_kotlinx-io-bytestring-jvm 0.6.0
	   |-- org_jetbrains_kotlinx_kotlinx-io-core-jvm 0.6.0
	   |-- org_jetbrains_kotlinx_kotlinx-serialization-cbor-jvm 1.7.3
	   |-- org_jetbrains_kotlinx_kotlinx-serialization-core-jvm 1.7.3
	   \-- org_jetbrains_kotlinx_kotlinx-serialization-json-jvm 1.7.3
	- fabricloader 0.16.9
	   \-- mixinextras 0.4.1
	- fallingtree 1.21.0.8
	- farmersdelight 1.21-2.1.10+refabricated
	   |-- mm 2.3
	   |-- porting_lib_base 3.1.0-beta+fdrf.1+1.21
	   |    |-- com_electronwill_night-config_core 3.8.0
	   |    |-- com_electronwill_night-config_toml 3.8.0
	   |    |-- mm 2.3
	   |    |-- porting_lib_accessors 3.1.0-beta+fdrf.1+1.21
	   |    |-- porting_lib_asm 3.1.0-beta+fdrf.1+1.21
	   |    |-- porting_lib_attributes 3.1.0-beta+fdrf.1+1.21
	   |    |-- porting_lib_blocks 3.1.0-beta+fdrf.1+1.21
	   |    |-- porting_lib_common 3.1.0-beta+fdrf.1+1.21
	   |    |-- porting_lib_core 3.1.0-beta+fdrf.1+1.21
	   |    |-- porting_lib_entity 3.1.0-beta+fdrf.1+1.21
	   |    |-- porting_lib_extensions 3.1.0-beta+fdrf.1+1.21
	   |    |-- porting_lib_fluids 3.1.0-beta+fdrf.1+1.21
	   |    |-- porting_lib_gametest 3.1.0-beta+fdrf.1+1.21
	   |    |-- porting_lib_gui_utils 3.1.0-beta+fdrf.1+1.21
	   |    |-- porting_lib_mixin_extensions 3.1.0-beta+fdrf.1+1.21
	   |    |-- porting_lib_tags 3.0
	   |    \-- porting_lib_transfer 3.1.0-beta+fdrf.1+1.21
	   |-- porting_lib_config 3.1.0-beta+fdrf.1+1.21
	   |    |-- com_electronwill_night-config_core 3.8.0
	   |    |-- com_electronwill_night-config_toml 3.8.0
	   |    |-- porting_lib_core 3.1.0-beta+fdrf.1+1.21
	   |    \-- porting_lib_gametest 3.1.0-beta+fdrf.1+1.21
	   |-- porting_lib_item_abilities 3.1.0-beta+fdrf.1+1.21
	   |    |-- porting_lib_blocks 3.1.0-beta+fdrf.1+1.21
	   |    |-- porting_lib_core 3.1.0-beta+fdrf.1+1.21
	   |    |-- porting_lib_gametest 3.1.0-beta+fdrf.1+1.21
	   |    \-- porting_lib_level_events 3.1.0-beta+fdrf.1+1.21
	   |-- porting_lib_lazy_registration 3.1.0-beta+fdrf.1+1.21
	   |    |-- porting_lib_core 3.1.0-beta+fdrf.1+1.21
	   |    \-- porting_lib_gametest 3.1.0-beta+fdrf.1+1.21
	   |-- porting_lib_loot 3.1.0-beta+fdrf.1+1.21
	   |    |-- porting_lib_conditions 3.1.0-beta+fdrf.1+1.21
	   |    |-- porting_lib_core 3.1.0-beta+fdrf.1+1.21
	   |    \-- porting_lib_gametest 3.1.0-beta+fdrf.1+1.21
	   \-- porting_lib_recipe_book_categories 3.1.0-beta+fdrf.1+1.21
	        |-- porting_lib_core 3.1.0-beta+fdrf.1+1.21
	        \-- porting_lib_gametest 3.1.0-beta+fdrf.1+1.21
	- ferritecore 7.0.0
	- forgeconfigapiport 21.0.8
	   |-- com_electronwill_night-config_core 3.8.0
	   \-- com_electronwill_night-config_toml 3.8.0
	- friendsandfoes 3.0.6
	- fzzy_config 0.5.8+1.21
	   |-- blue_endless_jankson 1.2.3
	   |-- fabric-permissions-api-v0 0.3.1
	   \-- net_peanuuutz_tomlkt_tomlkt-jvm 0.3.7
	- geckolib 4.5.8
	- geophilic 3.1.4
	- glitchcore 2.0.0.3
	   \-- net_jodah_typetools 0.6.3
	- gobber2 2.10.20
	   |-- blue_endless_jankson 1.2.3
	   \-- pugh_tools 1.8.14
	- handcrafted 4.0.1
	- hopobettermineshaft 1.2.7
	- hopobetterruinedportal 1.4.3
	- hopobetterunderwaterruins 1.2.0
	- jade 15.1.5+fabric
	- java 21
	- jei 19.21.0.247
	- journeymap 1.21-6.0.0-beta.27
	   |-- ar_com_hjg_pngj 2.1.0
	   |-- commonnetworking 1.0.16-1.21
	   \-- journeymap-api-fabric 2.0.0-1.21-SNAPSHOT
	- lithostitched 1.3.8
	- mavapi 1.2.1
	- mavm 1.3.0
	- mcwdoors 1.1.1
	- mcwfurnitures 3.3.0
	- mcwlights 1.1.1
	- minecraft 1.21
	- modernfix 5.19.1+mc1.21
	- moredelight 24.9.27-1.21-fabric
	- mr_dungeons_andtaverns 1-v4.4.4
	- mr_dungeons_andtavernsancientcityoverhaul 1-v2
	- mr_dungeons_andtavernsdeserttemplereplacement 1-v1.2
	- mr_dungeons_andtavernsendcastlestandalone 1-v1.1
	- mr_dungeons_andtavernsjungletemplereplacement 1-v1.2
	- mr_dungeons_andtavernsnetherfortressoverhaul 1-v2.4
	- mr_dungeons_andtavernspillageroutpostoverhaul 1-v2.2
	- mr_dungeons_andtavernsstrongholdrework 1-v2.1
	- mr_remove_terralithintromessage 1.1
	- mr_serversleep 1-datapack2
	- mr_vanilla_backpacks 1.1.3
	- naturescompass 1.21-2.2.6-fabric
	- nicemod 1.4.3
	- oceansdelight fdrf-fabric-1.0.2-1.21
	- owo 0.12.15+1.21
	   |-- io_wispforest_endec 0.1.5
	   |-- io_wispforest_endec_gson 0.1.3
	   |-- io_wispforest_endec_jankson 0.1.3
	   \-- io_wispforest_endec_netty 0.1.2
	- photography 1.0.4+mc1.21.1
	- pickupnotifier 21.0.0
	- polymer-bundled 0.9.9+1.21
	   |-- polymer-autohost 0.9.9+1.21
	   |    \-- io_netty_netty-codec-http 4.1.82
	   \-- polymer-blocks 0.9.9+1.21
	- pumpkin_pie 1.0.1+1.21
	- puzzleslib 21.0.28
	- resourcefulconfig 3.0.8
	- resourcefullib 3.0.11
	   |-- com_teamresourceful_bytecodecs 1.1.2
	   \-- com_teamresourceful_yabn 1.0.3
	- rusticdelight 1.0.2
	- seeddelight 0.1
	- sereneseasons 10.0.0.6
	   \-- net_jodah_typetools 0.6.3
	- sit 1.21-28
	- skinlayers3d 1.6.6
	- snuffles 1.2.0+1.21
	- storagedelight 24.9.11-1.21-fabric
	- tectonic 2.4.1a
	- terralith 2.5.6
	- trinkets 3.10.0
	- ubesdelight 0.2.3
	   \-- midnightlib 1.6.3
	- universal-graves 3.4.4+1.21
	   |-- common-protection-api 1.0.0
	   |-- placeholder-api 2.4.1+1.21
	   |-- polymer-core 0.9.14+1.21.1
	   |    |-- polymer-networking 0.9.14+1.21.1
	   |    |    \-- polymer-common 0.9.14+1.21.1
	   |    |         \-- packet_tweaker 0.5.5+1.21
	   |    \-- polymer-registry-sync-manipulator 0.9.14+1.21.1
	   |-- polymer-resource-pack 0.9.14+1.21.1
	   |    \-- polymer-common 0.9.14+1.21.1
	   |         \-- packet_tweaker 0.5.5+1.21
	   |-- polymer-virtual-entity 0.9.14+1.21.1
	   |    \-- polymer-common 0.9.14+1.21.1
	   |         \-- packet_tweaker 0.5.5+1.21
	   |-- predicate-api 0.5.1+1.21
	   |-- server_translations_api 2.3.1+1.21-pre2
	   \-- sgui 1.6.0+1.21
	- waystones 21.1.5
	- worldedit 7.3.8+6939-7d32b45
	- xp_storage 1.6+1.21
	- yet_another_config_lib_v3 3.6.1+1.21-fabric
	   |-- com_twelvemonkeys_common_common-image 3.10.0
	   |-- com_twelvemonkeys_common_common-io 3.10.0
	   |-- com_twelvemonkeys_common_common-lang 3.10.0
	   |-- com_twelvemonkeys_imageio_imageio-core 3.10.0
	   |-- com_twelvemonkeys_imageio_imageio-metadata 3.10.0
	   |-- com_twelvemonkeys_imageio_imageio-webp 3.10.0
	   |-- org_quiltmc_parsers_gson 0.2.1
	   \-- org_quiltmc_parsers_json 0.2.1
[15:24:31] [main/INFO]: SpongePowered MIXIN Subsystem Version=0.8.7 Source=file:/workspaces/World-D/servidor_minecraft/libraries/net/fabricmc/sponge-mixin/0.15.4+mixin.0.8.7/sponge-mixin-0.15.4+mixin.0.8.7.jar Service=Knot/Fabric Env=SERVER
[15:24:31] [main/INFO]: Compatibility level set to JAVA_16
[15:24:31] [main/INFO]: Compatibility level set to JAVA_21
[15:24:32] [main/WARN]: Reference map 'cookingforblockheads.refmap.json' for cookingforblockheads.mixins.json could not be read. If this is a development environment you can ignore this message
[15:24:32] [main/WARN]: Reference map 'cookingforblockheads.refmap.json' for cookingforblockheads.fabric.mixins.json could not be read. If this is a development environment you can ignore this message
[15:24:32] [main/WARN]: Reference map '[common]ctov-common-refmap.json' for ctov-common.mixins.json could not be read. If this is a development environment you can ignore this message
[15:24:32] [main/WARN]: Reference map 'forgeconfigapiport.common.refmap.json' for forgeconfigapiport.common.mixins.json could not be read. If this is a development environment you can ignore this message
[15:24:32] [main/WARN]: Reference map 'journeymap-refmap.json' for journeymap.mixins.json could not be read. If this is a development environment you can ignore this message
[15:24:32] [main/WARN]: Reference map 'journeymap-refmap.json' for journeymap.fabric.mixins.json could not be read. If this is a development environment you can ignore this message
[15:24:32] [main/INFO]: Loaded configuration file for ModernFix 5.19.1+mc1.21: 54 options available, 0 override(s) found
[15:24:32] [main/INFO]: Applying Nashorn fix
[15:24:32] [main/WARN]: Reference map 'pickupnotifier.fabric.refmap.json' for pickupnotifier.fabric.mixins.json could not be read. If this is a development environment you can ignore this message
[15:24:32] [main/WARN]: Reference map 'ubesdelight-common-refmap.json' for ubesdelight-common.mixins.json could not be read. If this is a development environment you can ignore this message
[15:24:33] [main/WARN]: Error loading class: net/minecraft/class_881 (java.lang.ClassNotFoundException: net/minecraft/class_881)
[15:24:33] [main/WARN]: @Mixin target net.minecraft.class_881 was not found porting_lib_base.mixins.json:client.BoatRendererMixin from mod porting_lib_base
[15:24:33] [main/WARN]: Error loading class: net/minecraft/class_525 (java.lang.ClassNotFoundException: net/minecraft/class_525)
[15:24:33] [main/WARN]: @Mixin target net.minecraft.class_525 was not found porting_lib_base.mixins.json:client.CreateWorldScreenMixin from mod porting_lib_base
[15:24:33] [main/WARN]: Error loading class: net/minecraft/class_906 (java.lang.ClassNotFoundException: net/minecraft/class_906)
[15:24:33] [main/WARN]: @Mixin target net.minecraft.class_906 was not found porting_lib_item_abilities.mixins.json:FishingHookRendererMixin from mod porting_lib_item_abilities
[15:24:33] [main/WARN]: Error loading class: net/minecraft/class_287 (java.lang.ClassNotFoundException: net/minecraft/class_287)
[15:24:33] [main/WARN]: @Mixin target net.minecraft.class_287 was not found owo.mixins.json:BufferBuilderAccessor from mod owo
[15:24:33] [main/WARN]: Error loading class: net/minecraft/class_437 (java.lang.ClassNotFoundException: net/minecraft/class_437)
[15:24:33] [main/WARN]: @Mixin target net.minecraft.class_437 was not found owo.mixins.json:ScreenAccessor from mod owo
[15:24:34] [main/WARN]: Error loading class: net/minecraft/class_638 (java.lang.ClassNotFoundException: net/minecraft/class_638)
[15:24:34] [main/WARN]: @Mixin target net.minecraft.class_638 was not found porting_lib_level_events.mixins.json:client.ClientLevelMixin from mod porting_lib_level_events
[15:24:34] [main/WARN]: Error loading class: com/simibubi/create/content/kinetics/base/BlockBreakingKineticBlockEntity (java.lang.ClassNotFoundException: com/simibubi/create/content/kinetics/base/BlockBreakingKineticBlockEntity)
[15:24:34] [main/WARN]: Error loading class: net/fabricmc/fabric/api/client/rendering/v1/EntityModelLayerRegistry$TexturedModelDataProvider (java.lang.ClassNotFoundException: net/fabricmc/fabric/api/client/rendering/v1/EntityModelLayerRegistry$TexturedModelDataProvider)
[15:24:34] [main/WARN]: Error loading class: net/minecraft/class_314 (java.lang.ClassNotFoundException: net/minecraft/class_314)
[15:24:34] [main/WARN]: @Mixin target net.minecraft.class_314 was not found mixins.mm.json:net.minecraft.class_314 from mod mm
[15:24:34] [main/INFO]: Initializing MixinExtras via com.llamalad7.mixinextras.service.MixinExtrasServiceImpl(version=0.4.1).
[15:24:39] [main/INFO]: Gobber Mod Info Message: Max value of attribute.name.generic.armor is currently set to 80.0
[15:24:39] [main/WARN]: Static binding violation: PRIVATE @Overwrite method method_21740 in modernfix-common.mixins.json:perf.remove_biome_temperature_cache.BiomeMixin from mod modernfix cannot reduce visibiliy of PUBLIC target method, visibility will be upgraded.
[15:24:45] [main/INFO]: Vanilla bootstrap took 10044 milliseconds
[15:24:46] [main/INFO]: Registering C2S receiver with id artifacts:double_jump
[15:24:46] [main/INFO]: Registering C2S receiver with id artifacts:update_swimming
[15:24:46] [main/INFO]: Registering C2S receiver with id artifacts:toggle_artifacts
[15:24:46] [main/ERROR]: No data fixer registered for artifacts:mimic
[15:24:46] [main/INFO]: Registering Item Groups for cratedelight
[15:24:46] [main/INFO]: Registering ModBLocks for cratedelight
[15:24:46] [main/ERROR]: No data fixer registered for jungle_creeper
[15:24:46] [main/ERROR]: No data fixer registered for bamboo_creeper
[15:24:46] [main/ERROR]: No data fixer registered for desert_creeper
[15:24:46] [main/ERROR]: No data fixer registered for badlands_creeper
[15:24:46] [main/ERROR]: No data fixer registered for hills_creeper
[15:24:46] [main/ERROR]: No data fixer registered for savannah_creeper
[15:24:46] [main/ERROR]: No data fixer registered for mushroom_creeper
[15:24:46] [main/ERROR]: No data fixer registered for swamp_creeper
[15:24:46] [main/ERROR]: No data fixer registered for dripstone_creeper
[15:24:46] [main/ERROR]: No data fixer registered for cave_creeper
[15:24:46] [main/ERROR]: No data fixer registered for dark_oak_creeper
[15:24:46] [main/ERROR]: No data fixer registered for spruce_creeper
[15:24:46] [main/ERROR]: No data fixer registered for beach_creeper
[15:24:46] [main/ERROR]: No data fixer registered for snowy_creeper
[15:24:46] [main/ERROR]: No data fixer registered for ocean_creeper
[15:24:46] [main/ERROR]: No data fixer registered for birch_creeper
[15:24:47] [main/ERROR]: No data fixer registered for deeperdarker:angler_fish
[15:24:47] [main/ERROR]: No data fixer registered for deeperdarker:sculk_centipede
[15:24:47] [main/ERROR]: No data fixer registered for deeperdarker:sculk_leech
[15:24:47] [main/ERROR]: No data fixer registered for deeperdarker:sculk_snapper
[15:24:47] [main/ERROR]: No data fixer registered for deeperdarker:shattered
[15:24:47] [main/ERROR]: No data fixer registered for deeperdarker:shriek_worm
[15:24:47] [main/ERROR]: No data fixer registered for deeperdarker:sludge
[15:24:47] [main/ERROR]: No data fixer registered for deeperdarker:stalker
[15:24:47] [main/ERROR]: No data fixer registered for crystallized_amber
[15:24:47] [main/INFO]: Constructing common components for easymagic:main
[15:24:47] [main/INFO]: Dispatching loading event for config easymagic-common.toml
[15:24:48] [main/INFO]: ExpandAbility here, who dis?
[15:24:48] [main/ERROR]: No data fixer registered for rotten_tomato
[15:24:48] [main/INFO]: Registered synced config with path sereneseasons/fertility.toml
[15:24:48] [main/INFO]: Registered synced config with path sereneseasons/seasons.toml
[15:24:48] [main/ERROR]: No data fixer registered for season_sensor
[15:24:48] [main/OFF]: gobber2 config settings json5 found
[15:24:49] [main/ERROR]: No data fixer registered for handcrafted
[15:24:49] [main/INFO]: Initializing ServerSide Packet Registries
[15:24:49] [main/INFO]: Definitely not up to no good
[15:24:49] [main/INFO]: Hello!
[15:24:49] [main/INFO]: [STDOUT]: registering mod blocks for nicemod
[15:24:49] [main/INFO]: Registering Items for oceansdelight
[15:24:49] [main/INFO]: Registering Blocks for oceansdelight
[15:24:49] [main/INFO]: Registering tabs for oceansdelight
[15:24:49] [main/INFO]: yes this is a tip
[15:24:49] [main/INFO]: Constructing common components for pickupnotifier:main
[15:24:49] [main/INFO]: Constructing common components for puzzleslib:main
[15:24:50] [main/INFO]: Registering items for rusticdelight
[15:24:50] [main/INFO]: Registering blocks for rusticdelight
[15:24:50] [main/INFO]: Registering potions for rusticdelight
[15:24:50] [main/INFO]: Registering biome modifications for rusticdelight
[15:24:50] [main/INFO]: Registering item group for rusticdelight
[15:24:50] [main/INFO]: Deserializing SnufflesConfig from './config/snuffles.json'
[15:24:51] [main/INFO]: Got request to register class com.sk89q.worldedit.fabric.FabricPlatform with WorldEdit [com.sk89q.worldedit.extension.platform.PlatformManager@78938bf2]
[15:24:51] [main/INFO]: WorldEdit for Fabric (version 7.3.8+6939-7d32b45) is loaded
[15:24:51] [main/ERROR]: Failed to load config 'class com.github.charlyb01.xpstorage.config.ModConfig', using default!
me.shedaniel.autoconfig.serializer.ConfigSerializer$SerializationException: com.google.gson.JsonSyntaxException: java.lang.IllegalStateException: Expected a string but was BOOLEAN at line 2 column 23 path $.bookTooltip
	at knot/me.shedaniel.autoconfig.serializer.GsonConfigSerializer.deserialize(GsonConfigSerializer.java:83) ~[cloth-config-15.0.140-fabric.jar:?]
	at knot/me.shedaniel.autoconfig.serializer.PartitioningSerializer.deserialize(PartitioningSerializer.java:119) ~[cloth-config-15.0.140-fabric.jar:?]
	at knot/me.shedaniel.autoconfig.serializer.PartitioningSerializer.deserialize(PartitioningSerializer.java:40) ~[cloth-config-15.0.140-fabric.jar:?]
	at knot/me.shedaniel.autoconfig.ConfigManager.load(ConfigManager.java:92) ~[cloth-config-15.0.140-fabric.jar:?]
	at knot/me.shedaniel.autoconfig.ConfigManager.<init>(ConfigManager.java:53) ~[cloth-config-15.0.140-fabric.jar:?]
	at knot/me.shedaniel.autoconfig.AutoConfig.register(AutoConfig.java:66) ~[cloth-config-15.0.140-fabric.jar:?]
	at knot/com.github.charlyb01.xpstorage.XpStorage.onInitialize(XpStorage.java:17) ~[xp_storage-1.6+1.21.jar:?]
	at net.fabricmc.loader.impl.FabricLoaderImpl.invokeEntrypoints(FabricLoaderImpl.java:399) [fabric-loader-0.16.9.jar:?]
	at net.fabricmc.loader.impl.game.minecraft.Hooks.startServer(Hooks.java:63) [fabric-loader-0.16.9.jar:?]
	at knot/net.minecraft.server.Main.main(Main.java:111) [server-intermediary.jar:?]
	at net.fabricmc.loader.impl.game.minecraft.MinecraftGameProvider.launch(MinecraftGameProvider.java:480) [fabric-loader-0.16.9.jar:?]
	at net.fabricmc.loader.impl.launch.knot.Knot.launch(Knot.java:74) [fabric-loader-0.16.9.jar:?]
	at net.fabricmc.loader.impl.launch.knot.KnotServer.main(KnotServer.java:23) [fabric-loader-0.16.9.jar:?]
	at net.fabricmc.loader.impl.launch.server.FabricServerLauncher.main(FabricServerLauncher.java:69) [fabric-loader-0.16.9.jar:?]
	at net.fabricmc.installer.ServerLauncher.main(ServerLauncher.java:69) [fabric-server-launch.jar:1.0.1]
Caused by: com.google.gson.JsonSyntaxException: java.lang.IllegalStateException: Expected a string but was BOOLEAN at line 2 column 23 path $.bookTooltip
	at knot/com.google.gson.internal.bind.ReflectiveTypeAdapterFactory$Adapter.read(ReflectiveTypeAdapterFactory.java:397) ~[gson-2.10.1.jar:?]
	at knot/com.google.gson.Gson.fromJson(Gson.java:1227) ~[gson-2.10.1.jar:?]
	at knot/com.google.gson.Gson.fromJson(Gson.java:1137) ~[gson-2.10.1.jar:?]
	at knot/com.google.gson.Gson.fromJson(Gson.java:1075) ~[gson-2.10.1.jar:?]
	at knot/me.shedaniel.autoconfig.serializer.GsonConfigSerializer.deserialize(GsonConfigSerializer.java:79) ~[cloth-config-15.0.140-fabric.jar:?]
	... 14 more
Caused by: java.lang.IllegalStateException: Expected a string but was BOOLEAN at line 2 column 23 path $.bookTooltip
	at knot/com.google.gson.stream.JsonReader.nextString(JsonReader.java:836) ~[gson-2.10.1.jar:?]
	at knot/com.google.gson.internal.bind.TypeAdapters$EnumTypeAdapter.read(TypeAdapters.java:910) ~[gson-2.10.1.jar:?]
	at knot/com.google.gson.internal.bind.TypeAdapters$EnumTypeAdapter.read(TypeAdapters.java:859) ~[gson-2.10.1.jar:?]
	at knot/com.google.gson.internal.bind.ReflectiveTypeAdapterFactory$1.readIntoField(ReflectiveTypeAdapterFactory.java:212) ~[gson-2.10.1.jar:?]
	at knot/com.google.gson.internal.bind.ReflectiveTypeAdapterFactory$FieldReflectionAdapter.readField(ReflectiveTypeAdapterFactory.java:433) ~[gson-2.10.1.jar:?]
	at knot/com.google.gson.internal.bind.ReflectiveTypeAdapterFactory$Adapter.read(ReflectiveTypeAdapterFactory.java:393) ~[gson-2.10.1.jar:?]
	at knot/com.google.gson.Gson.fromJson(Gson.java:1227) ~[gson-2.10.1.jar:?]
	at knot/com.google.gson.Gson.fromJson(Gson.java:1137) ~[gson-2.10.1.jar:?]
	at knot/com.google.gson.Gson.fromJson(Gson.java:1075) ~[gson-2.10.1.jar:?]
	at knot/me.shedaniel.autoconfig.serializer.GsonConfigSerializer.deserialize(GsonConfigSerializer.java:79) ~[cloth-config-15.0.140-fabric.jar:?]
	... 14 more
[15:24:51] [main/INFO]: Environment: Environment[sessionHost=https://sessionserver.mojang.com, servicesHost=https://api.minecraftservices.com, name=PROD]
[15:24:55] [Worker-Main-1/ERROR]: Couldn't parse element minecraft:loot_table/dungeons_arise:chests/heavenly_challenger/heavenly_challenger_supply - com.google.gson.stream.MalformedJsonException: Use JsonReader.setLenient(true) to accept malformed JSON at line 1 column 12 path $ missed input: {"minecraft:item_name":"Ascension Tonic"}
[15:24:55] [Worker-Main-1/ERROR]: Couldn't parse element minecraft:loot_table/dungeons_arise:chests/mines_treasure_big - Failed to parse either. First: Unknown registry key in ResourceKey[minecraft:root / minecraft:loot_function_type]: minecraft:set_nbt; Second: Not a json array: {"function":"minecraft:set_nbt","tag":"{Enchantments:[{id:\"minecraft:sharpness\",lvl:6s},{id:\"minecraft:looting\",lvl:3s}]}"}
[15:24:55] [Worker-Main-1/ERROR]: Couldn't parse element minecraft:loot_table/dungeons_arise:chests/mines_treasure_medium - Failed to parse either. First: Unknown registry key in ResourceKey[minecraft:root / minecraft:loot_function_type]: minecraft:set_nbt; Second: Not a json array: {"function":"minecraft:set_nbt","tag":"{Enchantments:[{id:\"minecraft:sharpness\",lvl:6s},{id:\"minecraft:looting\",lvl:3s}]}"}
[15:24:55] [Worker-Main-1/ERROR]: Couldn't parse element minecraft:loot_table/dungeons_arise:chests/illager_windmill/illager_windmill_barrels - com.google.gson.stream.MalformedJsonException: Use JsonReader.setLenient(true) to accept malformed JSON at line 1 column 10 path $ missed input: {"minecraft:item_name":"Illager Beer"}
[15:24:55] [Worker-Main-1/ERROR]: Couldn't parse element minecraft:loot_table/dungeons_arise:chests/shiraz_palace/shiraz_palace_supply - Failed to parse either. First: Unknown registry key in ResourceKey[minecraft:root / minecraft:loot_function_type]: minecraft:set_nbt; Second: Not a json array: {"function":"minecraft:set_nbt","tag":"{Potion:\"minecraft:strong_healing\"}"}; Failed to parse either. First: Unknown registry key in ResourceKey[minecraft:root / minecraft:loot_function_type]: minecraft:set_nbt; Second: Not a json array: {"function":"minecraft:set_nbt","tag":"{Potion:\"minecraft:regeneration\"}"}; Failed to parse either. First: Unknown registry key in ResourceKey[minecraft:root / minecraft:loot_function_type]: minecraft:set_nbt; Second: Not a json array: {"function":"minecraft:set_nbt","tag":"{CustomPotionEffects:[{Id:2b,Amplifier:5b,Duration:1200}],CustomPotionColor:16770928}"}; Failed to parse either. First: Unknown registry key in ResourceKey[minecraft:root / minecraft:loot_function_type]: minecraft:set_nbt; Second: Not a json array: {"function":"minecraft:set_nbt","tag":"{CustomPotionEffects:[{Id:20b,Amplifier:5b,Duration:400}],CustomPotionColor:16770928}"}
[15:24:56] [Worker-Main-1/INFO]: Registering commands with com.sk89q.worldedit.fabric.FabricPlatform
[15:24:57] [main/ERROR]: Parsing error loading recipe snuffles:frosty_fluff_carpet_from_frosty_fluff
com.google.gson.JsonParseException: No key id in MapLike[{"item":"snuffles:frosty_fluff_carpet","count":3}]
	at knot/com.mojang.serialization.DataResult$Error.md21a3ad$owo$lambda$addStackTraceToException$0$0(DataResult.java:565) ~[datafixerupper-8.0.16.jar:?]
	at knot/com.mojang.serialization.DataResult$Error.getOrThrow(DataResult.java:287) ~[datafixerupper-8.0.16.jar:?]
	at knot/net.minecraft.class_1863.method_20705(class_1863.java:62) ~[server-intermediary.jar:?]
	at knot/net.minecraft.class_1863.method_18788(class_1863.java:35) ~[server-intermediary.jar:?]
	at knot/net.minecraft.class_4080.method_18790(class_4080.java:13) ~[server-intermediary.jar:?]
	at java.base/java.util.concurrent.CompletableFuture$UniAccept.tryFire(CompletableFuture.java:718) ~[?:?]
	at java.base/java.util.concurrent.CompletableFuture$Completion.run(CompletableFuture.java:482) ~[?:?]
	at knot/net.minecraft.class_4014.method_18365(class_4014.java:69) ~[server-intermediary.jar:?]
	at knot/net.minecraft.class_156.method_43498(class_156.java:1024) [server-intermediary.jar:?]
	at knot/net.minecraft.class_156.method_43499(class_156.java:1012) [server-intermediary.jar:?]
	at knot/net.minecraft.server.Main.main(Main.java:182) [server-intermediary.jar:?]
	at net.fabricmc.loader.impl.game.minecraft.MinecraftGameProvider.launch(MinecraftGameProvider.java:480) [fabric-loader-0.16.9.jar:?]
	at net.fabricmc.loader.impl.launch.knot.Knot.launch(Knot.java:74) [fabric-loader-0.16.9.jar:?]
	at net.fabricmc.loader.impl.launch.knot.KnotServer.main(KnotServer.java:23) [fabric-loader-0.16.9.jar:?]
	at net.fabricmc.loader.impl.launch.server.FabricServerLauncher.main(FabricServerLauncher.java:69) [fabric-loader-0.16.9.jar:?]
	at net.fabricmc.installer.ServerLauncher.main(ServerLauncher.java:69) [fabric-server-launch.jar:1.0.1]
[15:24:57] [main/ERROR]: Parsing error loading recipe snuffles:frosty_fluff_carpet_from_snuffle_fluff_carpet
com.google.gson.JsonParseException: No key id in MapLike[{"item":"snuffles:frosty_fluff_carpet","count":8}]
	at knot/com.mojang.serialization.DataResult$Error.md21a3ad$owo$lambda$addStackTraceToException$0$0(DataResult.java:565) ~[datafixerupper-8.0.16.jar:?]
	at knot/com.mojang.serialization.DataResult$Error.getOrThrow(DataResult.java:287) ~[datafixerupper-8.0.16.jar:?]
	at knot/net.minecraft.class_1863.method_20705(class_1863.java:62) ~[server-intermediary.jar:?]
	at knot/net.minecraft.class_1863.method_18788(class_1863.java:35) ~[server-intermediary.jar:?]
	at knot/net.minecraft.class_4080.method_18790(class_4080.java:13) ~[server-intermediary.jar:?]
	at java.base/java.util.concurrent.CompletableFuture$UniAccept.tryFire(CompletableFuture.java:718) ~[?:?]
	at java.base/java.util.concurrent.CompletableFuture$Completion.run(CompletableFuture.java:482) ~[?:?]
	at knot/net.minecraft.class_4014.method_18365(class_4014.java:69) ~[server-intermediary.jar:?]
	at knot/net.minecraft.class_156.method_43498(class_156.java:1024) [server-intermediary.jar:?]
	at knot/net.minecraft.class_156.method_43499(class_156.java:1012) [server-intermediary.jar:?]
	at knot/net.minecraft.server.Main.main(Main.java:182) [server-intermediary.jar:?]
	at net.fabricmc.loader.impl.game.minecraft.MinecraftGameProvider.launch(MinecraftGameProvider.java:480) [fabric-loader-0.16.9.jar:?]
	at net.fabricmc.loader.impl.launch.knot.Knot.launch(Knot.java:74) [fabric-loader-0.16.9.jar:?]
	at net.fabricmc.loader.impl.launch.knot.KnotServer.main(KnotServer.java:23) [fabric-loader-0.16.9.jar:?]
	at net.fabricmc.loader.impl.launch.server.FabricServerLauncher.main(FabricServerLauncher.java:69) [fabric-loader-0.16.9.jar:?]
	at net.fabricmc.installer.ServerLauncher.main(ServerLauncher.java:69) [fabric-server-launch.jar:1.0.1]
[15:24:57] [main/ERROR]: Parsing error loading recipe snuffles:snuffle_fluff_carpet_from_snuffle_fluff
com.google.gson.JsonParseException: No key id in MapLike[{"item":"snuffles:snuffle_fluff_carpet","count":3}]
	at knot/com.mojang.serialization.DataResult$Error.md21a3ad$owo$lambda$addStackTraceToException$0$0(DataResult.java:565) ~[datafixerupper-8.0.16.jar:?]
	at knot/com.mojang.serialization.DataResult$Error.getOrThrow(DataResult.java:287) ~[datafixerupper-8.0.16.jar:?]
	at knot/net.minecraft.class_1863.method_20705(class_1863.java:62) ~[server-intermediary.jar:?]
	at knot/net.minecraft.class_1863.method_18788(class_1863.java:35) ~[server-intermediary.jar:?]
	at knot/net.minecraft.class_4080.method_18790(class_4080.java:13) ~[server-intermediary.jar:?]
	at java.base/java.util.concurrent.CompletableFuture$UniAccept.tryFire(CompletableFuture.java:718) ~[?:?]
	at java.base/java.util.concurrent.CompletableFuture$Completion.run(CompletableFuture.java:482) ~[?:?]
	at knot/net.minecraft.class_4014.method_18365(class_4014.java:69) ~[server-intermediary.jar:?]
	at knot/net.minecraft.class_156.method_43498(class_156.java:1024) [server-intermediary.jar:?]
	at knot/net.minecraft.class_156.method_43499(class_156.java:1012) [server-intermediary.jar:?]
	at knot/net.minecraft.server.Main.main(Main.java:182) [server-intermediary.jar:?]
	at net.fabricmc.loader.impl.game.minecraft.MinecraftGameProvider.launch(MinecraftGameProvider.java:480) [fabric-loader-0.16.9.jar:?]
	at net.fabricmc.loader.impl.launch.knot.Knot.launch(Knot.java:74) [fabric-loader-0.16.9.jar:?]
	at net.fabricmc.loader.impl.launch.knot.KnotServer.main(KnotServer.java:23) [fabric-loader-0.16.9.jar:?]
	at net.fabricmc.loader.impl.launch.server.FabricServerLauncher.main(FabricServerLauncher.java:69) [fabric-loader-0.16.9.jar:?]
	at net.fabricmc.installer.ServerLauncher.main(ServerLauncher.java:69) [fabric-server-launch.jar:1.0.1]
[15:24:57] [main/ERROR]: Parsing error loading recipe snuffles:frosty_fluff_from_snuffle_fluff
com.google.gson.JsonParseException: No key id in MapLike[{"item":"snuffles:frosty_fluff","count":8}]
	at knot/com.mojang.serialization.DataResult$Error.md21a3ad$owo$lambda$addStackTraceToException$0$0(DataResult.java:565) ~[datafixerupper-8.0.16.jar:?]
	at knot/com.mojang.serialization.DataResult$Error.getOrThrow(DataResult.java:287) ~[datafixerupper-8.0.16.jar:?]
	at knot/net.minecraft.class_1863.method_20705(class_1863.java:62) ~[server-intermediary.jar:?]
	at knot/net.minecraft.class_1863.method_18788(class_1863.java:35) ~[server-intermediary.jar:?]
	at knot/net.minecraft.class_4080.method_18790(class_4080.java:13) ~[server-intermediary.jar:?]
	at java.base/java.util.concurrent.CompletableFuture$UniAccept.tryFire(CompletableFuture.java:718) ~[?:?]
	at java.base/java.util.concurrent.CompletableFuture$Completion.run(CompletableFuture.java:482) ~[?:?]
	at knot/net.minecraft.class_4014.method_18365(class_4014.java:69) ~[server-intermediary.jar:?]
	at knot/net.minecraft.class_156.method_43498(class_156.java:1024) [server-intermediary.jar:?]
	at knot/net.minecraft.class_156.method_43499(class_156.java:1012) [server-intermediary.jar:?]
	at knot/net.minecraft.server.Main.main(Main.java:182) [server-intermediary.jar:?]
	at net.fabricmc.loader.impl.game.minecraft.MinecraftGameProvider.launch(MinecraftGameProvider.java:480) [fabric-loader-0.16.9.jar:?]
	at net.fabricmc.loader.impl.launch.knot.Knot.launch(Knot.java:74) [fabric-loader-0.16.9.jar:?]
	at net.fabricmc.loader.impl.launch.knot.KnotServer.main(KnotServer.java:23) [fabric-loader-0.16.9.jar:?]
	at net.fabricmc.loader.impl.launch.server.FabricServerLauncher.main(FabricServerLauncher.java:69) [fabric-loader-0.16.9.jar:?]
	at net.fabricmc.installer.ServerLauncher.main(ServerLauncher.java:69) [fabric-server-launch.jar:1.0.1]
[15:24:57] [main/ERROR]: Parsing error loading recipe snuffles:snuffle_fluff_from_frosty_fluff
com.google.gson.JsonParseException: Not a JSON object: "snuffles:snuffle_fluff"
	at knot/com.mojang.serialization.DataResult$Error.md21a3ad$owo$lambda$addStackTraceToException$0$0(DataResult.java:565) ~[datafixerupper-8.0.16.jar:?]
	at knot/com.mojang.serialization.DataResult$Error.getOrThrow(DataResult.java:287) ~[datafixerupper-8.0.16.jar:?]
	at knot/net.minecraft.class_1863.method_20705(class_1863.java:62) ~[server-intermediary.jar:?]
	at knot/net.minecraft.class_1863.method_18788(class_1863.java:35) ~[server-intermediary.jar:?]
	at knot/net.minecraft.class_4080.method_18790(class_4080.java:13) ~[server-intermediary.jar:?]
	at java.base/java.util.concurrent.CompletableFuture$UniAccept.tryFire(CompletableFuture.java:718) ~[?:?]
	at java.base/java.util.concurrent.CompletableFuture$Completion.run(CompletableFuture.java:482) ~[?:?]
	at knot/net.minecraft.class_4014.method_18365(class_4014.java:69) ~[server-intermediary.jar:?]
	at knot/net.minecraft.class_156.method_43498(class_156.java:1024) [server-intermediary.jar:?]
	at knot/net.minecraft.class_156.method_43499(class_156.java:1012) [server-intermediary.jar:?]
	at knot/net.minecraft.server.Main.main(Main.java:182) [server-intermediary.jar:?]
	at net.fabricmc.loader.impl.game.minecraft.MinecraftGameProvider.launch(MinecraftGameProvider.java:480) [fabric-loader-0.16.9.jar:?]
	at net.fabricmc.loader.impl.launch.knot.Knot.launch(Knot.java:74) [fabric-loader-0.16.9.jar:?]
	at net.fabricmc.loader.impl.launch.knot.KnotServer.main(KnotServer.java:23) [fabric-loader-0.16.9.jar:?]
	at net.fabricmc.loader.impl.launch.server.FabricServerLauncher.main(FabricServerLauncher.java:69) [fabric-loader-0.16.9.jar:?]
	at net.fabricmc.installer.ServerLauncher.main(ServerLauncher.java:69) [fabric-server-launch.jar:1.0.1]
[15:24:57] [main/ERROR]: Parsing error loading recipe snuffles:snuffle_fluff_carpet_from_frosty_fluff_carpet
com.google.gson.JsonParseException: Not a JSON object: "snuffles:snuffle_fluff_carpet"
	at knot/com.mojang.serialization.DataResult$Error.md21a3ad$owo$lambda$addStackTraceToException$0$0(DataResult.java:565) ~[datafixerupper-8.0.16.jar:?]
	at knot/com.mojang.serialization.DataResult$Error.getOrThrow(DataResult.java:287) ~[datafixerupper-8.0.16.jar:?]
	at knot/net.minecraft.class_1863.method_20705(class_1863.java:62) ~[server-intermediary.jar:?]
	at knot/net.minecraft.class_1863.method_18788(class_1863.java:35) ~[server-intermediary.jar:?]
	at knot/net.minecraft.class_4080.method_18790(class_4080.java:13) ~[server-intermediary.jar:?]
	at java.base/java.util.concurrent.CompletableFuture$UniAccept.tryFire(CompletableFuture.java:718) ~[?:?]
	at java.base/java.util.concurrent.CompletableFuture$Completion.run(CompletableFuture.java:482) ~[?:?]
	at knot/net.minecraft.class_4014.method_18365(class_4014.java:69) ~[server-intermediary.jar:?]
	at knot/net.minecraft.class_156.method_43498(class_156.java:1024) [server-intermediary.jar:?]
	at knot/net.minecraft.class_156.method_43499(class_156.java:1012) [server-intermediary.jar:?]
	at knot/net.minecraft.server.Main.main(Main.java:182) [server-intermediary.jar:?]
	at net.fabricmc.loader.impl.game.minecraft.MinecraftGameProvider.launch(MinecraftGameProvider.java:480) [fabric-loader-0.16.9.jar:?]
	at net.fabricmc.loader.impl.launch.knot.Knot.launch(Knot.java:74) [fabric-loader-0.16.9.jar:?]
	at net.fabricmc.loader.impl.launch.knot.KnotServer.main(KnotServer.java:23) [fabric-loader-0.16.9.jar:?]
	at net.fabricmc.loader.impl.launch.server.FabricServerLauncher.main(FabricServerLauncher.java:69) [fabric-loader-0.16.9.jar:?]
	at net.fabricmc.installer.ServerLauncher.main(ServerLauncher.java:69) [fabric-server-launch.jar:1.0.1]
[15:24:57] [main/INFO]: Loaded 4167 recipes
[15:24:58] [main/ERROR]: Couldn't load advancements: [minecraft:wander_add_map, minecraft:give_quest_trader_trade]
[15:24:58] [main/INFO]: Loaded 2932 advancements
[15:24:58] [main/WARN]: Could not decode GlobalLootModifier with json id artifacts:inject/archaeology/ocean_ruin_cold - error: Unknown registry key in ResourceKey[minecraft:root / porting_lib:global_loot_modifier_serializers]: artifacts:roll_loot_table
[15:24:58] [main/WARN]: Could not decode GlobalLootModifier with json id artifacts:inject/chests/village/village_snowy_house - error: Unknown registry key in ResourceKey[minecraft:root / porting_lib:global_loot_modifier_serializers]: artifacts:roll_loot_table
[15:24:58] [main/WARN]: Could not decode GlobalLootModifier with json id artifacts:inject/chests/village/village_toolsmith - error: Unknown registry key in ResourceKey[minecraft:root / porting_lib:global_loot_modifier_serializers]: artifacts:roll_loot_table
[15:24:58] [main/WARN]: Could not decode GlobalLootModifier with json id rusticdelight:calamari_from_glow_squid - error: Unknown registry key in ResourceKey[minecraft:root / porting_lib:global_loot_modifier_serializers]: rusticdelight:squids_drop_calamari_modifier
[15:24:58] [main/WARN]: Could not decode GlobalLootModifier with json id artifacts:inject/chests/pillager_outpost - error: Unknown registry key in ResourceKey[minecraft:root / porting_lib:global_loot_modifier_serializers]: artifacts:roll_loot_table
[15:24:58] [main/WARN]: Could not decode GlobalLootModifier with json id artifacts:inject/chests/village/village_tannery - error: Unknown registry key in ResourceKey[minecraft:root / porting_lib:global_loot_modifier_serializers]: artifacts:roll_loot_table
[15:24:58] [main/WARN]: Could not decode GlobalLootModifier with json id artifacts:inject/chests/ancient_city_ice_box - error: Unknown registry key in ResourceKey[minecraft:root / porting_lib:global_loot_modifier_serializers]: artifacts:roll_loot_table
[15:24:58] [main/WARN]: Could not decode GlobalLootModifier with json id artifacts:inject/chests/bastion_hoglin_stable - error: Unknown registry key in ResourceKey[minecraft:root / porting_lib:global_loot_modifier_serializers]: artifacts:roll_loot_table
[15:24:58] [main/WARN]: Could not decode GlobalLootModifier with json id artifacts:inject/entities/cow - error: Unknown registry key in ResourceKey[minecraft:root / porting_lib:global_loot_modifier_serializers]: artifacts:roll_loot_table
[15:24:58] [main/WARN]: Could not decode GlobalLootModifier with json id artifacts:inject/chests/ancient_city - error: Unknown registry key in ResourceKey[minecraft:root / porting_lib:global_loot_modifier_serializers]: artifacts:roll_loot_table
[15:24:58] [main/WARN]: Could not decode GlobalLootModifier with json id artifacts:inject/chests/village/village_plains_house - error: Unknown registry key in ResourceKey[minecraft:root / porting_lib:global_loot_modifier_serializers]: artifacts:roll_loot_table
[15:24:58] [main/WARN]: Could not decode GlobalLootModifier with json id artifacts:inject/chests/ruined_portal - error: Unknown registry key in ResourceKey[minecraft:root / porting_lib:global_loot_modifier_serializers]: artifacts:roll_loot_table
[15:24:58] [main/WARN]: Could not decode GlobalLootModifier with json id artifacts:inject/chests/underwater_ruin_big - error: Unknown registry key in ResourceKey[minecraft:root / porting_lib:global_loot_modifier_serializers]: artifacts:roll_loot_table
[15:24:58] [main/WARN]: Could not decode GlobalLootModifier with json id artifacts:inject/chests/village/village_weaponsmith - error: Unknown registry key in ResourceKey[minecraft:root / porting_lib:global_loot_modifier_serializers]: artifacts:roll_loot_table
[15:24:58] [main/WARN]: Could not decode GlobalLootModifier with json id artifacts:inject/chests/igloo_chest - error: Unknown registry key in ResourceKey[minecraft:root / porting_lib:global_loot_modifier_serializers]: artifacts:roll_loot_table
[15:24:58] [main/WARN]: Could not decode GlobalLootModifier with json id artifacts:inject/chests/bastion_treasure - error: Unknown registry key in ResourceKey[minecraft:root / porting_lib:global_loot_modifier_serializers]: artifacts:roll_loot_table
[15:24:58] [main/WARN]: Could not decode GlobalLootModifier with json id artifacts:inject/archaeology/desert_pyramid - error: Unknown registry key in ResourceKey[minecraft:root / porting_lib:global_loot_modifier_serializers]: artifacts:roll_loot_table
[15:24:58] [main/WARN]: Could not decode GlobalLootModifier with json id artifacts:inject/chests/village/village_temple - error: Unknown registry key in ResourceKey[minecraft:root / porting_lib:global_loot_modifier_serializers]: artifacts:roll_loot_table
[15:24:58] [main/WARN]: Could not decode GlobalLootModifier with json id artifacts:inject/chests/village/village_desert_house - error: Unknown registry key in ResourceKey[minecraft:root / porting_lib:global_loot_modifier_serializers]: artifacts:roll_loot_table
[15:24:58] [main/WARN]: Could not decode GlobalLootModifier with json id artifacts:inject/chests/woodland_mansion - error: Unknown registry key in ResourceKey[minecraft:root / porting_lib:global_loot_modifier_serializers]: artifacts:roll_loot_table
[15:24:58] [main/WARN]: Could not decode GlobalLootModifier with json id artifacts:inject/chests/buried_treasure - error: Unknown registry key in ResourceKey[minecraft:root / porting_lib:global_loot_modifier_serializers]: artifacts:roll_loot_table
[15:24:58] [main/WARN]: Could not decode GlobalLootModifier with json id artifacts:inject/chests/spawn_bonus_chest - error: Unknown registry key in ResourceKey[minecraft:root / porting_lib:global_loot_modifier_serializers]: artifacts:roll_loot_table
[15:24:58] [main/WARN]: Could not decode GlobalLootModifier with json id artifacts:inject/chests/desert_pyramid - error: Unknown registry key in ResourceKey[minecraft:root / porting_lib:global_loot_modifier_serializers]: artifacts:roll_loot_table
[15:24:58] [main/WARN]: Could not decode GlobalLootModifier with json id artifacts:inject/chests/end_city_treasure - error: Unknown registry key in ResourceKey[minecraft:root / porting_lib:global_loot_modifier_serializers]: artifacts:roll_loot_table
[15:24:58] [main/WARN]: Could not decode GlobalLootModifier with json id artifacts:inject/chests/village/village_taiga_house - error: Unknown registry key in ResourceKey[minecraft:root / porting_lib:global_loot_modifier_serializers]: artifacts:roll_loot_table
[15:24:58] [main/WARN]: Could not decode GlobalLootModifier with json id artifacts:inject/chests/nether_bridge - error: Unknown registry key in ResourceKey[minecraft:root / porting_lib:global_loot_modifier_serializers]: artifacts:roll_loot_table
[15:24:58] [main/WARN]: Could not decode GlobalLootModifier with json id artifacts:inject/archaeology/desert_well - error: Unknown registry key in ResourceKey[minecraft:root / porting_lib:global_loot_modifier_serializers]: artifacts:roll_loot_table
[15:24:58] [main/WARN]: Could not decode GlobalLootModifier with json id artifacts:inject/chests/shipwreck_treasure - error: Unknown registry key in ResourceKey[minecraft:root / porting_lib:global_loot_modifier_serializers]: artifacts:roll_loot_table
[15:24:58] [main/WARN]: Could not decode GlobalLootModifier with json id artifacts:inject/chests/jungle_temple - error: Unknown registry key in ResourceKey[minecraft:root / porting_lib:global_loot_modifier_serializers]: artifacts:roll_loot_table
[15:24:58] [main/WARN]: Could not decode GlobalLootModifier with json id artifacts:inject/chests/stronghold_corridor - error: Unknown registry key in ResourceKey[minecraft:root / porting_lib:global_loot_modifier_serializers]: artifacts:roll_loot_table
[15:24:58] [main/WARN]: Could not decode GlobalLootModifier with json id artifacts:inject/chests/abandoned_mineshaft - error: Unknown registry key in ResourceKey[minecraft:root / porting_lib:global_loot_modifier_serializers]: artifacts:roll_loot_table
[15:24:58] [main/WARN]: Could not decode GlobalLootModifier with json id artifacts:inject/chests/village/village_butcher - error: Unknown registry key in ResourceKey[minecraft:root / porting_lib:global_loot_modifier_serializers]: artifacts:roll_loot_table
[15:24:58] [main/WARN]: Could not decode GlobalLootModifier with json id rusticdelight:calamari_from_squid - error: Unknown registry key in ResourceKey[minecraft:root / porting_lib:global_loot_modifier_serializers]: rusticdelight:squids_drop_calamari_modifier
[15:24:58] [main/WARN]: Could not decode GlobalLootModifier with json id artifacts:inject/chests/village/village_savanna_house - error: Unknown registry key in ResourceKey[minecraft:root / porting_lib:global_loot_modifier_serializers]: artifacts:roll_loot_table
[15:24:58] [main/WARN]: Could not decode GlobalLootModifier with json id artifacts:inject/archaeology/ocean_ruin_warm - error: Unknown registry key in ResourceKey[minecraft:root / porting_lib:global_loot_modifier_serializers]: artifacts:roll_loot_table
[15:24:58] [main/WARN]: Could not decode GlobalLootModifier with json id artifacts:inject/chests/village/village_armorer - error: Unknown registry key in ResourceKey[minecraft:root / porting_lib:global_loot_modifier_serializers]: artifacts:roll_loot_table
[15:24:58] [main/WARN]: Could not decode GlobalLootModifier with json id artifacts:inject/archaeology/trail_ruins_rare - error: Unknown registry key in ResourceKey[minecraft:root / porting_lib:global_loot_modifier_serializers]: artifacts:roll_loot_table
[15:24:58] [main/WARN]: Could not decode GlobalLootModifier with json id artifacts:inject/entities/mooshroom - error: Unknown registry key in ResourceKey[minecraft:root / porting_lib:global_loot_modifier_serializers]: artifacts:roll_loot_table
[15:24:58] [main/WARN]: Could not decode GlobalLootModifier with json id artifacts:inject/chests/simple_dungeon - error: Unknown registry key in ResourceKey[minecraft:root / porting_lib:global_loot_modifier_serializers]: artifacts:roll_loot_table
[15:24:58] [Thread-4/INFO]: Loaded 58 translation keys
[15:24:58] [main/WARN]: Not all defined tags for registry ResourceKey[minecraft:root / minecraft:item] are present in data pack: minecraft:enchantable/empty
[15:24:58] [main/INFO]: Applied 1346 biome modifications to 157 of 162 new biomes in 69.25 ms
[15:24:58] [Server thread/INFO]: Dispatching loading event for config easymagic-server.toml
[15:24:58] [Server thread/INFO]: Dispatching loading event for config pickupnotifier/pickupnotifier-server.toml
[15:24:59] [Server thread/INFO]: Starting minecraft server version 1.21
[15:24:59] [Server thread/INFO]: Loading properties
[15:24:59] [Server thread/INFO]: Default game type: SURVIVAL
[15:24:59] [Server thread/INFO]: Generating keypair
[15:24:59] [Server thread/INFO]: Starting Minecraft server on *:25565
[15:24:59] [Server thread/INFO]: Using epoll channel type
[15:24:59] [Server thread/WARN]: **** SERVER IS RUNNING IN OFFLINE/INSECURE MODE!
[15:24:59] [Server thread/WARN]: The server will make no attempt to authenticate usernames. Beware.
[15:24:59] [Server thread/WARN]: While this makes the game possible to play without internet access, it also opens up the ability for hackers to connect with any username they choose.
[15:24:59] [Server thread/WARN]: To change this, set "online-mode" to "true" in the server.properties file.
[15:24:59] [Server thread/INFO]: Preparing level "world"
[15:24:59] [Server thread/INFO]: Preparing start region for dimension minecraft:overworld
[15:25:01] [Worker-Main-1/INFO]: Preparing spawn area: 0%
[15:25:01] [Worker-Main-1/INFO]: Preparing spawn area: 0%
[15:25:01] [Worker-Main-1/INFO]: Preparing spawn area: 0%
[15:25:01] [Worker-Main-1/INFO]: Preparing spawn area: 0%
[15:25:01] [Server thread/INFO]: Time elapsed: 2048 ms
[15:25:01] [Server thread/INFO]: Done (2.611s)! For help, type "help"
[15:25:01] [Server thread/WARN]: Dedicated server took 33.533 seconds to load
[15:25:02] [Server thread/INFO]: Start loading plugin from Cooking for Blockheads: net.blay09.mods.cookingforblockheads.fabric.compat.FabricJadeCookingForBlockheadsPlugin
[15:25:02] [Server thread/INFO]: Start loading plugin from Jade: snownee.jade.addon.core.CorePlugin
[15:25:02] [Server thread/INFO]: Start loading plugin from Jade: snownee.jade.addon.vanilla.VanillaPlugin
[15:25:02] [Server thread/INFO]: Start loading plugin from Jade: snownee.jade.addon.universal.UniversalPlugin
[15:25:02] [Server thread/INFO]: Start loading plugin from Jade: snownee.jade.addon.debug.DebugPlugin
[15:25:02] [Server thread/INFO]: Start loading plugin from Polymer (Core): eu.pb4.polymer.core.impl.client.compat.JadeCompatibility
[15:25:02] [Server thread/INFO]: Start loading plugin from Waystones: net.blay09.mods.waystones.compat.JadeIntegration
[15:25:02] [Server thread/INFO]: Loaded null for service interface journeymap.api.services.WebMapService
[15:25:02] [Server thread/INFO]: Loaded journeymap.common.helpers.FabricClientHooks@1dcf15f0 for service interface journeymap.api.services.ClientPlatformService
[15:25:02] [Server thread/INFO]: Loaded journeymap.common.helpers.FabricHooks@7e573429 for service interface journeymap.api.services.CommonPlatformService
[15:25:23] [Server thread/INFO]: El_Andrew22[/[0:0:0:0:0:0:0:1%0]:36788] logged in with entity id 19 at (127.70489898864356, 136.0, -21.511027866930295)
[15:25:23] [Server thread/INFO]: El_Andrew22 joined the game
[15:25:31] [Server thread/WARN]: Can't keep up! Is the server overloaded? Running 8087ms or 161 ticks behind
[15:25:49] [Server thread/WARN]: Can't keep up! Is the server overloaded? Running 3732ms or 74 ticks behind
[15:26:14] [Server thread/INFO]: El_Andrew22 lost connection: Disconnected
[15:26:14] [Server thread/INFO]: El_Andrew22 left the game
